[2026-06-16 20:17:54] local.ERROR: Class "DOMDocument" not found {"exception":"[object] (Error(code: 0): Class \"DOMDocument\" not found at /mnt/data/rozhi_work/rozhi-memory-lane/vendor/nunomaduro/termwind/src/HtmlRenderer.php:32)
[stacktrace]
#0 /mnt/data/rozhi_work/rozhi-memory-lane/vendor/nunomaduro/termwind/src/HtmlRenderer.php(24): Termwind\\HtmlRenderer->parse()
#1 /mnt/data/rozhi_work/rozhi-memory-lane/vendor/nunomaduro/termwind/src/Functions.php(41): Termwind\\HtmlRenderer->render()
#2 /mnt/data/rozhi_work/rozhi-memory-lane/vendor/laravel/framework/src/Illuminate/Console/View/Components/Component.php(52): Termwind\\render()
#3 /mnt/data/rozhi_work/rozhi-memory-lane/vendor/laravel/framework/src/Illuminate/Console/View/Components/Line.php(54): Illuminate\\Console\\View\\Components\\Component->renderView()
#4 /mnt/data/rozhi_work/rozhi-memory-lane/vendor/laravel/framework/src/Illuminate/Console/View/Components/Info.php(18): Illuminate\\Console\\View\\Components\\Line->render()
#5 /mnt/data/rozhi_work/rozhi-memory-lane/vendor/laravel/framework/src/Illuminate/Console/View/Components/Factory.php(60): Illuminate\\Console\\View\\Components\\Info->render()
#6 /mnt/data/rozhi_work/rozhi-memory-lane/vendor/laravel/framework/src/Illuminate/Foundation/Console/ViewClearCommand.php(70): Illuminate\\Console\\View\\Components\\Factory->__call()
#7 /mnt/data/rozhi_work/rozhi-memory-lane/vendor/laravel/framework/src/Illuminate/Container/BoundMethod.php(36): Illuminate\\Foundation\\Console\\ViewClearCommand->handle()
#8 /mnt/data/rozhi_work/rozhi-memory-lane/vendor/laravel/framework/src/Illuminate/Container/Util.php(43): Illuminate\\Container\\BoundMethod::{closure:Illuminate\\Container\\BoundMethod::call():35}()
#9 /mnt/data/rozhi_work/rozhi-memory-lane/vendor/laravel/framework/src/Illuminate/Container/BoundMethod.php(95): Illuminate\\Container\\Util::unwrapIfClosure()
#10 /mnt/data/rozhi_work/rozhi-memory-lane/vendor/laravel/framework/src/Illuminate/Container/BoundMethod.php(35): Illuminate\\Container\\BoundMethod::callBoundMethod()
#11 /mnt/data/rozhi_work/rozhi-memory-lane/vendor/laravel/framework/src/Illuminate/Container/Container.php(696): Illuminate\\Container\\BoundMethod::call()
#12 /mnt/data/rozhi_work/rozhi-memory-lane/vendor/laravel/framework/src/Illuminate/Console/Command.php(213): Illuminate\\Container\\Container->call()
#13 /mnt/data/rozhi_work/rozhi-memory-lane/vendor/symfony/console/Command/Command.php(341): Illuminate\\Console\\Command->execute()
#14 /mnt/data/rozhi_work/rozhi-memory-lane/vendor/laravel/framework/src/Illuminate/Console/Command.php(182): Symfony\\Component\\Console\\Command\\Command->run()
#15 /mnt/data/rozhi_work/rozhi-memory-lane/vendor/symfony/console/Application.php(1117): Illuminate\\Console\\Command->run()
#16 /mnt/data/rozhi_work/rozhi-memory-lane/vendor/symfony/console/Application.php(356): Symfony\\Component\\Console\\Application->doRunCommand()
#17 /mnt/data/rozhi_work/rozhi-memory-lane/vendor/symfony/console/Application.php(195): Symfony\\Component\\Console\\Application->doRun()
#18 /mnt/data/rozhi_work/rozhi-memory-lane/vendor/laravel/framework/src/Illuminate/Foundation/Console/Kernel.php(198): Symfony\\Component\\Console\\Application->run()
#19 /mnt/data/rozhi_work/rozhi-memory-lane/vendor/laravel/framework/src/Illuminate/Foundation/Application.php(1235): Illuminate\\Foundation\\Console\\Kernel->handle()
#20 /mnt/data/rozhi_work/rozhi-memory-lane/artisan(12): Illuminate\\Foundation\\Application->handleCommand()
#21 {main}
"} 
